0 info it worked if it ends with ok
1 verbose cli [ 'node', '/usr/local/bin/npm', 'run', 'generate-test' ]
2 info using npm@1.4.28
3 info using node@v0.10.33
4 verbose run-script [ 'pregenerate-test', 'generate-test', 'postgenerate-test' ]
5 info pregenerate-test parser@1.0.0
6 info generate-test parser@1.0.0
7 verbose unsafe-perm in lifecycle true
8 info parser@1.0.0 Failed to exec generate-test script
9 error parser@1.0.0 generate-test: `php ./lime/lime.php ./parser.lime > parser.class && php tests.php`
9 error Exit status 255
10 error Failed at the parser@1.0.0 generate-test script.
10 error This is most likely a problem with the parser package,
10 error not with npm itself.
10 error Tell the author that this fails on your system:
10 error     php ./lime/lime.php ./parser.lime > parser.class && php tests.php
10 error You can get their info via:
10 error     npm owner ls parser
10 error There is likely additional logging output above.
11 error System Darwin 15.0.0
12 error command "node" "/usr/local/bin/npm" "run" "generate-test"
13 error cwd /Users/makingoff/Projects/parser
14 error node -v v0.10.33
15 error npm -v 1.4.28
16 error code ELIFECYCLE
17 verbose exit [ 1, true ]
